#! /c/iverilog/bin/vvp
:ivl_version "0.9.6 " "(v0_9_6)";
:vpi_time_precision - 12;
:vpi_module "system";
:vpi_module "v2005_math";
:vpi_module "va_math";
S_01FE0FF8 .scope module, "TB_mu0_ctrl" "TB_mu0_ctrl" 2 2;
 .timescale -9 -12;
v0203B2F0_0 .var "clk", 0 0;
v0203B348_0 .var "reset", 0 0;
S_01FE0D50 .scope module, "uut" "mu0top" 2 7, 3 1, S_01FE0FF8;
 .timescale 0 0;
v0203AA80_0 .net "ACCce", 0 0, v01FE53C8_0; 1 drivers
v0203AAD8_0 .net "ACCmsb", 0 0, L_0203B3A0; 1 drivers
v0203AB30_0 .net "ACCor", 0 0, L_0203B3F8; 1 drivers
v0203AB88_0 .net "ACCout", 15 0, v02039E78_0; 1 drivers
v0203AC10_0 .net "ALUinX", 15 0, L_0203B5B0; 1 drivers
v0203AC68_0 .net "ALUout", 15 0, v0203A608_0; 1 drivers
v0203ACC0_0 .net "Addrbus", 11 0, L_0203B450; 1 drivers
v0203AD18_0 .net "Asel", 0 0, v020044C0_0; 1 drivers
v0203AD70_0 .net "IRce", 0 0, v0088F3D0_0; 1 drivers
v0203ADC8_0 .net "IRout", 15 0, v0203A1E8_0; 1 drivers
v0203AE20_0 .net "M", 1 0, v01FE3E18_0; 1 drivers
v0203AE78_0 .net "MemRW", 0 0, v00883E98_0; 1 drivers
v0203AED0_0 .net "PCce", 0 0, v00883EF0_0; 1 drivers
v0203AF28_0 .net "PCout", 11 0, v0203A030_0; 1 drivers
v0203AF80_0 .net "Xsel", 0 0, v02003ED8_0; 1 drivers
v0203AFD8_0 .net "Ysel", 0 0, v02003F30_0; 1 drivers
v0203B030_0 .net *"_s10", 3 0, C4<0000>; 1 drivers
v0203B088_0 .net *"_s13", 11 0, L_0203B608; 1 drivers
v0203B0E0_0 .net *"_s6", 3 0, C4<0000>; 1 drivers
v0203B138_0 .net "ext_reset", 0 0, v0203B348_0; 1 drivers
v0203B190_0 .net "memRbus", 15 0, v0203A3F8_0; 1 drivers
v0203B1E8_0 .net "memWbus", 15 0, L_0203B500; 1 drivers
v0203B240_0 .net "reset", 0 0, v02039C68_0; 1 drivers
v0203B298_0 .net "sysclk", 0 0, v0203B2F0_0; 1 drivers
L_0203B3A0 .part v02039E78_0, 15, 1;
L_0203B3F8 .reduce/or v02039E78_0;
L_0203B4A8 .part v0203A1E8_0, 0, 12;
L_0203B558 .concat [ 12 4 0 0], v0203A030_0, C4<0000>;
L_0203B608 .part v0203A1E8_0, 0, 12;
L_0203B660 .concat [ 12 4 0 0], L_0203B608, C4<0000>;
L_0203B6B8 .part v0203A608_0, 0, 12;
L_0203B710 .part v0203A1E8_0, 12, 4;
S_01FE1438 .scope module, "a_mux" "mux12" 3 13, 4 1, S_01FE0D50;
 .timescale 0 0;
v0203A920_0 .alias "s", 0 0, v0203AD18_0;
v0203A978_0 .alias "x", 11 0, v0203AF28_0;
v0203A9D0_0 .net "y", 11 0, L_0203B4A8; 1 drivers
v0203AA28_0 .alias "z", 11 0, v0203ACC0_0;
L_0203B450 .functor MUXZ 12, v0203A030_0, L_0203B4A8, v020044C0_0, C4<>;
S_01FE13B0 .scope module, "x_mux" "mux16" 3 14, 5 1, S_01FE0D50;
 .timescale 0 0;
v0203A7C0_0 .alias "s", 0 0, v0203AF80_0;
v0203A818_0 .alias "x", 15 0, v0203AB88_0;
v0203A870_0 .net "y", 15 0, L_0203B558; 1 drivers
v0203A8C8_0 .alias "z", 15 0, v0203B1E8_0;
L_0203B500 .functor MUXZ 16, v02039E78_0, L_0203B558, v02003ED8_0, C4<>;
S_01FE1080 .scope module, "y_mux" "mux16" 3 15, 5 1, S_01FE0D50;
 .timescale 0 0;
v0203A660_0 .alias "s", 0 0, v0203AFD8_0;
v0203A6B8_0 .alias "x", 15 0, v0203B1E8_0;
v0203A710_0 .net "y", 15 0, L_0203B660; 1 drivers
v0203A768_0 .alias "z", 15 0, v0203AC10_0;
L_0203B5B0 .functor MUXZ 16, L_0203B500, L_0203B660, v02003F30_0, C4<>;
S_01FE0EE8 .scope module, "alu" "alu16" 3 17, 6 1, S_01FE0D50;
 .timescale 0 0;
P_01FE65C4 .param/l "Acc" 6 5, C4<00>;
P_01FE65D8 .param/l "Inc" 6 7, C4<10>;
P_01FE65EC .param/l "add" 6 6, C4<01>;
P_01FE6600 .param/l "sub" 6 8, C4<11>;
v0203A500_0 .alias "M", 1 0, v0203AE20_0;
v0203A558_0 .alias "X", 15 0, v0203AC10_0;
v0203A5B0_0 .alias "Y", 15 0, v0203B190_0;
v0203A608_0 .var "Z", 15 0;
E_01FE2820 .event edge, v01FE3E18_0, v0203A558_0, v0203A138_0;
S_01FE0DD8 .scope module, "ram" "mem" 3 19, 7 1, S_01FE0D50;
 .timescale 0 0;
v0203A298_0 .alias "address", 11 0, v0203ACC0_0;
v0203A2F0_0 .alias "clk", 0 0, v0203B298_0;
v0203A348 .array "mem", 4095 0, 15 0;
v0203A3A0_0 .alias "memRW", 0 0, v0203AE78_0;
v0203A3F8_0 .var "readdata", 15 0;
v0203A450_0 .alias "reset", 0 0, v0203B240_0;
v0203A4A8_0 .alias "writedata", 15 0, v0203B1E8_0;
E_01FE2DA0 .event negedge, v02039D18_0;
S_01FE0CC8 .scope module, "IR" "reg16" 3 21, 8 1, S_01FE0D50;
 .timescale 0 0;
v0203A0E0_0 .alias "clk", 0 0, v0203B298_0;
v0203A138_0 .alias "data", 15 0, v0203B190_0;
v0203A190_0 .alias "en", 0 0, v0203AD70_0;
v0203A1E8_0 .var "q", 15 0;
v0203A240_0 .alias "reset", 0 0, v0203B240_0;
S_01FE1218 .scope module, "PC" "reg12" 3 22, 9 1, S_01FE0D50;
 .timescale 0 0;
v02039F28_0 .alias "clk", 0 0, v0203B298_0;
v02039F80_0 .net "data", 11 0, L_0203B6B8; 1 drivers
v02039FD8_0 .alias "en", 0 0, v0203AED0_0;
v0203A030_0 .var "q", 11 0;
v0203A088_0 .alias "reset", 0 0, v0203B240_0;
S_01FE12A0 .scope module, "ACC" "reg16" 3 23, 8 1, S_01FE0D50;
 .timescale 0 0;
v02039D70_0 .alias "clk", 0 0, v0203B298_0;
v02039DC8_0 .alias "data", 15 0, v0203AC68_0;
v02039E20_0 .alias "en", 0 0, v0203AA80_0;
v02039E78_0 .var "q", 15 0;
v02039ED0_0 .alias "reset", 0 0, v0203B240_0;
S_01FE1328 .scope module, "cu" "CU_FSM" 3 25, 10 1, S_01FE0D50;
 .timescale 0 0;
P_020043DC .param/l "ADD" 10 14, C4<0010>;
P_020043F0 .param/l "EXEC" 10 9, C4<11>;
P_02004404 .param/l "FETCH" 10 8, C4<01>;
P_02004418 .param/l "INIT" 10 7, C4<00>;
P_0200442C .param/l "JGE" 10 17, C4<0101>;
P_02004440 .param/l "JMP" 10 16, C4<0100>;
P_02004454 .param/l "JNE" 10 18, C4<0110>;
P_02004468 .param/l "LDA" 10 12, C4<0000>;
P_0200447C .param/l "STO" 10 13, C4<0001>;
P_02004490 .param/l "STP" 10 19, C4<0111>;
P_020044A4 .param/l "SUB" 10 15, C4<0011>;
v01FE53C8_0 .var "ACCce", 0 0;
v01FE5488_0 .alias "ACCmsb", 0 0, v0203AAD8_0;
v01FE6548_0 .alias "ACCor", 0 0, v0203AB30_0;
v020044C0_0 .var "Asel", 0 0;
v0088F3D0_0 .var "IRce", 0 0;
v01FE3E18_0 .var "M", 1 0;
v00883E98_0 .var "MemRW", 0 0;
v00883EF0_0 .var "PCce", 0 0;
v02003E80_0 .var "Snext", 1 0;
v02003ED8_0 .var "Xsel", 0 0;
v02003F30_0 .var "Ysel", 0 0;
v020028D8_0 .alias "ext_reset", 0 0, v0203B138_0;
v02039C10_0 .net "opcode", 3 0, L_0203B710; 1 drivers
v02039C68_0 .var "reset", 0 0;
v02039CC0_0 .var "state", 1 0;
v02039D18_0 .alias "sysclk", 0 0, v0203B298_0;
E_01FE2CC0 .event edge, v02039CC0_0, v02039C10_0, v01FE5488_0, v01FE6548_0;
E_01FE2D60 .event posedge, v02039D18_0;
S_01FE0E60 .scope begin, "stopat" "stopat" 2 24, 2 24, S_01FE0FF8;
 .timescale -9 -12;
    .scope S_01FE0EE8;
T_0 ;
    %wait E_01FE2820;
    %load/v 8, v0203A500_0, 2;
    %cmpi/u 8, 1, 2;
    %jmp/1 T_0.0, 6;
    %cmpi/u 8, 3, 2;
    %jmp/1 T_0.1, 6;
    %cmpi/u 8, 2, 2;
    %jmp/1 T_0.2, 6;
    %cmpi/u 8, 0, 2;
    %jmp/1 T_0.3, 6;
    %set/v v0203A608_0, 0, 16;
    %jmp T_0.5;
T_0.0 ;
    %load/v 8, v0203A558_0, 16;
    %load/v 24, v0203A5B0_0, 16;
    %add 8, 24, 16;
    %set/v v0203A608_0, 8, 16;
    %jmp T_0.5;
T_0.1 ;
    %load/v 8, v0203A558_0, 16;
    %load/v 24, v0203A5B0_0, 16;
    %inv 24, 16;
    %add 8, 24, 16;
    %addi 8, 1, 16;
    %set/v v0203A608_0, 8, 16;
    %jmp T_0.5;
T_0.2 ;
    %ix/load 0, 1, 0;
    %load/vp0 8, v0203A558_0, 16;
    %set/v v0203A608_0, 8, 16;
    %jmp T_0.5;
T_0.3 ;
    %load/v 8, v0203A5B0_0, 16;
    %set/v v0203A608_0, 8, 16;
    %jmp T_0.5;
T_0.5 ;
    %jmp T_0;
    .thread T_0, $push;
    .scope S_01FE0DD8;
T_1 ;
    %wait E_01FE2DA0;
    %load/v 8, v0203A450_0, 1;
    %jmp/0xz  T_1.0, 8;
    %vpi_call 7 15 "$readmemh", "prog.lst", v0203A348;
    %jmp T_1.1;
T_1.0 ;
    %load/v 8, v0203A3A0_0, 1;
    %jmp/0xz  T_1.2, 8;
    %load/v 8, v0203A4A8_0, 16;
    %ix/getv 3, v0203A298_0;
    %jmp/1 t_0, 4;
    %ix/load 0, 16, 0; word width
    %ix/load 1, 0, 0; part off
    %assign/av v0203A348, 0, 8;
t_0 ;
    %ix/load 0, 16, 0;
    %assign/v0 v0203A3F8_0, 0, 0;
    %jmp T_1.3;
T_1.2 ;
    %ix/getv 3, v0203A298_0;
    %load/av 8, v0203A348, 16;
    %ix/load 0, 16, 0;
    %assign/v0 v0203A3F8_0, 0, 8;
T_1.3 ;
T_1.1 ;
    %jmp T_1;
    .thread T_1;
    .scope S_01FE0CC8;
T_2 ;
    %wait E_01FE2D60;
    %load/v 8, v0203A240_0, 1;
    %jmp/0xz  T_2.0, 8;
    %ix/load 0, 16, 0;
    %assign/v0 v0203A1E8_0, 0, 0;
    %jmp T_2.1;
T_2.0 ;
    %load/v 8, v0203A190_0, 1;
    %jmp/0xz  T_2.2, 8;
    %load/v 8, v0203A138_0, 16;
    %ix/load 0, 16, 0;
    %assign/v0 v0203A1E8_0, 0, 8;
    %jmp T_2.3;
T_2.2 ;
    %load/v 8, v0203A1E8_0, 16;
    %ix/load 0, 16, 0;
    %assign/v0 v0203A1E8_0, 0, 8;
T_2.3 ;
T_2.1 ;
    %jmp T_2;
    .thread T_2;
    .scope S_01FE1218;
T_3 ;
    %wait E_01FE2D60;
    %load/v 8, v0203A088_0, 1;
    %jmp/0xz  T_3.0, 8;
    %ix/load 0, 12, 0;
    %assign/v0 v0203A030_0, 0, 0;
    %jmp T_3.1;
T_3.0 ;
    %load/v 8, v02039FD8_0, 1;
    %jmp/0xz  T_3.2, 8;
    %load/v 8, v02039F80_0, 12;
    %ix/load 0, 12, 0;
    %assign/v0 v0203A030_0, 0, 8;
    %jmp T_3.3;
T_3.2 ;
    %load/v 8, v0203A030_0, 12;
    %ix/load 0, 12, 0;
    %assign/v0 v0203A030_0, 0, 8;
T_3.3 ;
T_3.1 ;
    %jmp T_3;
    .thread T_3;
    .scope S_01FE12A0;
T_4 ;
    %wait E_01FE2D60;
    %load/v 8, v02039ED0_0, 1;
    %jmp/0xz  T_4.0, 8;
    %ix/load 0, 16, 0;
    %assign/v0 v02039E78_0, 0, 0;
    %jmp T_4.1;
T_4.0 ;
    %load/v 8, v02039E20_0, 1;
    %jmp/0xz  T_4.2, 8;
    %load/v 8, v02039DC8_0, 16;
    %ix/load 0, 16, 0;
    %assign/v0 v02039E78_0, 0, 8;
    %jmp T_4.3;
T_4.2 ;
    %load/v 8, v02039E78_0, 16;
    %ix/load 0, 16, 0;
    %assign/v0 v02039E78_0, 0, 8;
T_4.3 ;
T_4.1 ;
    %jmp T_4;
    .thread T_4;
    .scope S_01FE1328;
T_5 ;
    %wait E_01FE2D60;
    %load/v 8, v020028D8_0, 1;
    %jmp/0xz  T_5.0, 8;
    %ix/load 0, 2, 0;
    %assign/v0 v02039CC0_0, 0, 0;
    %jmp T_5.1;
T_5.0 ;
    %load/v 8, v02003E80_0, 2;
    %ix/load 0, 2, 0;
    %assign/v0 v02039CC0_0, 0, 8;
T_5.1 ;
    %jmp T_5;
    .thread T_5;
    .scope S_01FE1328;
T_6 ;
    %wait E_01FE2CC0;
    %load/v 8, v02039CC0_0, 2;
    %cmpi/u 8, 0, 2;
    %jmp/1 T_6.0, 6;
    %cmpi/u 8, 1, 2;
    %jmp/1 T_6.1, 6;
    %cmpi/u 8, 3, 2;
    %jmp/1 T_6.2, 6;
    %set/v v02003E80_0, 0, 2;
    %jmp T_6.4;
T_6.0 ;
    %movi 8, 1, 2;
    %set/v v02003E80_0, 8, 2;
    %jmp T_6.4;
T_6.1 ;
    %set/v v02003E80_0, 1, 2;
    %jmp T_6.4;
T_6.2 ;
    %load/v 8, v02039C10_0, 4;
   %cmpi/u 8, 4, 4;
    %jmp/0xz  T_6.5, 5;
    %movi 8, 1, 2;
    %set/v v02003E80_0, 8, 2;
    %jmp T_6.6;
T_6.5 ;
    %load/v 8, v02039C10_0, 4;
    %mov 12, 0, 1;
    %cmpi/u 8, 5, 5;
    %mov 8, 4, 1;
    %load/v 9, v01FE5488_0, 1;
    %and 8, 9, 1;
    %load/v 9, v02039C10_0, 4;
    %mov 13, 0, 1;
    %cmpi/u 9, 6, 5;
    %mov 9, 4, 1;
    %load/v 10, v01FE6548_0, 1;
    %inv 10, 1;
    %and 9, 10, 1;
    %or 8, 9, 1;
    %jmp/0xz  T_6.7, 8;
    %movi 8, 1, 2;
    %set/v v02003E80_0, 8, 2;
    %jmp T_6.8;
T_6.7 ;
    %set/v v02003E80_0, 1, 2;
T_6.8 ;
T_6.6 ;
    %jmp T_6.4;
T_6.4 ;
    %jmp T_6;
    .thread T_6, $push;
    .scope S_01FE1328;
T_7 ;
    %wait E_01FE2CC0;
    %load/v 8, v02039CC0_0, 2;
    %cmpi/u 8, 0, 2;
    %jmp/1 T_7.0, 6;
    %cmpi/u 8, 1, 2;
    %jmp/1 T_7.1, 6;
    %cmpi/u 8, 3, 2;
    %jmp/1 T_7.2, 6;
    %set/v v020044C0_0, 0, 1;
    %set/v v02003ED8_0, 0, 1;
    %set/v v02003F30_0, 0, 1;
    %set/v v00883EF0_0, 0, 1;
    %set/v v0088F3D0_0, 0, 1;
    %set/v v01FE53C8_0, 0, 1;
    %set/v v00883E98_0, 0, 1;
    %set/v v01FE3E18_0, 0, 2;
    %set/v v02039C68_0, 1, 1;
    %jmp T_7.4;
T_7.0 ;
    %set/v v020044C0_0, 0, 1;
    %set/v v02003ED8_0, 0, 1;
    %set/v v02003F30_0, 0, 1;
    %set/v v00883EF0_0, 0, 1;
    %set/v v0088F3D0_0, 0, 1;
    %set/v v01FE53C8_0, 0, 1;
    %set/v v00883E98_0, 0, 1;
    %set/v v01FE3E18_0, 0, 2;
    %set/v v02039C68_0, 1, 1;
    %jmp T_7.4;
T_7.1 ;
    %set/v v020044C0_0, 0, 1;
    %set/v v02003ED8_0, 1, 1;
    %set/v v02003F30_0, 0, 1;
    %set/v v00883EF0_0, 1, 1;
    %set/v v0088F3D0_0, 1, 1;
    %set/v v01FE53C8_0, 0, 1;
    %set/v v00883E98_0, 0, 1;
    %movi 8, 2, 2;
    %set/v v01FE3E18_0, 8, 2;
    %set/v v02039C68_0, 0, 1;
    %jmp T_7.4;
T_7.2 ;
    %load/v 8, v02039C10_0, 4;
    %cmpi/u 8, 0, 4;
    %jmp/1 T_7.5, 6;
    %cmpi/u 8, 2, 4;
    %jmp/1 T_7.6, 6;
    %cmpi/u 8, 3, 4;
    %jmp/1 T_7.7, 6;
    %cmpi/u 8, 1, 4;
    %jmp/1 T_7.8, 6;
    %cmpi/u 8, 4, 4;
    %jmp/1 T_7.9, 6;
    %cmpi/u 8, 5, 4;
    %jmp/1 T_7.10, 6;
    %cmpi/u 8, 6, 4;
    %jmp/1 T_7.11, 6;
    %cmpi/u 8, 7, 4;
    %jmp/1 T_7.12, 6;
    %set/v v020044C0_0, 0, 1;
    %set/v v02003ED8_0, 0, 1;
    %set/v v02003F30_0, 0, 1;
    %set/v v00883EF0_0, 0, 1;
    %set/v v0088F3D0_0, 0, 1;
    %set/v v01FE53C8_0, 0, 1;
    %set/v v00883E98_0, 0, 1;
    %set/v v01FE3E18_0, 0, 2;
    %set/v v02039C68_0, 1, 1;
    %jmp T_7.14;
T_7.5 ;
    %set/v v020044C0_0, 1, 1;
    %set/v v02003ED8_0, 0, 1;
    %set/v v02003F30_0, 1, 1;
    %set/v v00883EF0_0, 0, 1;
    %set/v v0088F3D0_0, 0, 1;
    %set/v v01FE53C8_0, 1, 1;
    %set/v v00883E98_0, 0, 1;
    %set/v v01FE3E18_0, 0, 2;
    %set/v v02039C68_0, 0, 1;
    %jmp T_7.14;
T_7.6 ;
    %set/v v020044C0_0, 1, 1;
    %set/v v02003ED8_0, 0, 1;
    %set/v v02003F30_0, 0, 1;
    %set/v v00883EF0_0, 0, 1;
    %set/v v0088F3D0_0, 0, 1;
    %set/v v01FE53C8_0, 1, 1;
    %set/v v00883E98_0, 0, 1;
    %movi 8, 1, 2;
    %set/v v01FE3E18_0, 8, 2;
    %set/v v02039C68_0, 0, 1;
    %jmp T_7.14;
T_7.7 ;
    %set/v v020044C0_0, 1, 1;
    %set/v v02003ED8_0, 0, 1;
    %set/v v02003F30_0, 0, 1;
    %set/v v00883EF0_0, 0, 1;
    %set/v v0088F3D0_0, 0, 1;
    %set/v v01FE53C8_0, 1, 1;
    %set/v v00883E98_0, 0, 1;
    %set/v v01FE3E18_0, 1, 2;
    %set/v v02039C68_0, 0, 1;
    %jmp T_7.14;
T_7.8 ;
    %set/v v020044C0_0, 1, 1;
    %set/v v02003ED8_0, 0, 1;
    %set/v v02003F30_0, 0, 1;
    %set/v v00883EF0_0, 0, 1;
    %set/v v0088F3D0_0, 0, 1;
    %set/v v01FE53C8_0, 0, 1;
    %set/v v00883E98_0, 1, 1;
    %set/v v01FE3E18_0, 0, 2;
    %set/v v02039C68_0, 0, 1;
    %jmp T_7.14;
T_7.9 ;
    %set/v v020044C0_0, 1, 1;
    %set/v v02003ED8_0, 0, 1;
    %set/v v02003F30_0, 1, 1;
    %set/v v00883EF0_0, 1, 1;
    %set/v v0088F3D0_0, 1, 1;
    %set/v v01FE53C8_0, 0, 1;
    %set/v v00883E98_0, 0, 1;
    %movi 8, 2, 2;
    %set/v v01FE3E18_0, 8, 2;
    %set/v v02039C68_0, 0, 1;
    %jmp T_7.14;
T_7.10 ;
    %load/v 8, v01FE5488_0, 1;
    %jmp/0xz  T_7.15, 8;
    %set/v v020044C0_0, 0, 1;
    %set/v v02003ED8_0, 1, 1;
    %set/v v02003F30_0, 0, 1;
    %set/v v00883EF0_0, 0, 1;
    %set/v v0088F3D0_0, 0, 1;
    %set/v v01FE53C8_0, 0, 1;
    %set/v v00883E98_0, 0, 1;
    %movi 8, 2, 2;
    %set/v v01FE3E18_0, 8, 2;
    %set/v v02039C68_0, 0, 1;
    %jmp T_7.16;
T_7.15 ;
    %set/v v020044C0_0, 1, 1;
    %set/v v02003ED8_0, 0, 1;
    %set/v v02003F30_0, 1, 1;
    %set/v v00883EF0_0, 1, 1;
    %set/v v0088F3D0_0, 1, 1;
    %set/v v01FE53C8_0, 0, 1;
    %set/v v00883E98_0, 0, 1;
    %movi 8, 2, 2;
    %set/v v01FE3E18_0, 8, 2;
    %set/v v02039C68_0, 0, 1;
T_7.16 ;
    %jmp T_7.14;
T_7.11 ;
    %load/v 8, v01FE6548_0, 1;
    %inv 8, 1;
    %jmp/0xz  T_7.17, 8;
    %set/v v020044C0_0, 0, 1;
    %set/v v02003ED8_0, 1, 1;
    %set/v v02003F30_0, 0, 1;
    %set/v v00883EF0_0, 0, 1;
    %set/v v0088F3D0_0, 0, 1;
    %set/v v01FE53C8_0, 0, 1;
    %set/v v00883E98_0, 0, 1;
    %movi 8, 2, 2;
    %set/v v01FE3E18_0, 8, 2;
    %set/v v02039C68_0, 0, 1;
    %jmp T_7.18;
T_7.17 ;
    %set/v v020044C0_0, 1, 1;
    %set/v v02003ED8_0, 0, 1;
    %set/v v02003F30_0, 1, 1;
    %set/v v00883EF0_0, 1, 1;
    %set/v v0088F3D0_0, 1, 1;
    %set/v v01FE53C8_0, 0, 1;
    %set/v v00883E98_0, 0, 1;
    %movi 8, 2, 2;
    %set/v v01FE3E18_0, 8, 2;
    %set/v v02039C68_0, 0, 1;
T_7.18 ;
    %jmp T_7.14;
T_7.12 ;
    %set/v v020044C0_0, 0, 1;
    %set/v v02003ED8_0, 1, 1;
    %set/v v02003F30_0, 0, 1;
    %set/v v00883EF0_0, 0, 1;
    %set/v v0088F3D0_0, 0, 1;
    %set/v v01FE53C8_0, 0, 1;
    %set/v v00883E98_0, 0, 1;
    %set/v v01FE3E18_0, 0, 2;
    %set/v v02039C68_0, 0, 1;
    %jmp T_7.14;
T_7.14 ;
    %jmp T_7.4;
T_7.4 ;
    %jmp T_7;
    .thread T_7, $push;
    .scope S_01FE0FF8;
T_8 ;
    %set/v v0203B2F0_0, 0, 1;
T_8.0 ;
    %delay 1000, 0;
    %load/v 8, v0203B2F0_0, 1;
    %inv 8, 1;
    %set/v v0203B2F0_0, 8, 1;
    %jmp T_8.0;
    %end;
    .thread T_8;
    .scope S_01FE0FF8;
T_9 ;
    %vpi_call 2 15 "$dumpfile", "MU0.vcd";
    %vpi_call 2 16 "$dumpvars";
    %end;
    .thread T_9;
    .scope S_01FE0FF8;
T_10 ;
    %set/v v0203B348_0, 1, 1;
    %delay 3000, 0;
    %set/v v0203B348_0, 0, 1;
    %end;
    .thread T_10;
    .scope S_01FE0FF8;
T_11 ;
    %fork t_2, S_01FE0E60;
    %jmp t_1;
    .scope S_01FE0E60;
t_2 ;
    %delay 120000, 0;
    %vpi_call 2 25 "$finish";
    %end;
    .scope S_01FE0FF8;
t_1 %join;
    %end;
    .thread T_11;
# The file index is used to find the file name in the following table.
:file_names 11;
    "N/A";
    "<interactive>";
    "TB_mu0top.v";
    "mu0top.v";
    "mux12.v";
    "mux16.v";
    "alu16.v";
    "mem.v";
    "reg16.v";
    "reg12.v";
    "CU_FSM.v";
